<?xml version="1.0" encoding="UTF-8"?>
<TestRun id="d1796f32-7d2f-46de-9b12-3bf674f3af36" name="hung@DESKTOP-DJB2MI1 2017-04-15 13:24:26" runUser="DESKTOP-DJB2MI1\hung" xmlns="http://microsoft.com/schemas/VisualStudio/TeamTest/2010">
  <TestSettings name="Default Test Settings" id="32a61e84-3b77-465d-a508-89e8f55aae59">
    <Deployment runDeploymentRoot="hung_DESKTOP-DJB2MI1 2017-04-15 13_24_26">
      <DeploymentItem filename="D:\svn\Source\WebCommerce\packages\EntityFramework.6.1.3\lib\net45\EntityFramework.dll" />
      <DeploymentItem filename="D:\svn\Source\WebCommerce\packages\Microsoft.AspNet.WebApi.Core.5.2.3\lib\net45\System.Web.Http.dll" />
      <DeploymentItem filename="D:\svn\Source\WebCommerce\packages\Microsoft.AspNet.Razor.3.2.3\lib\net45\System.Web.Razor.dll" />
      <DeploymentItem filename="D:\svn\Source\WebCommerce\packages\Microsoft.AspNet.WebPages.3.2.3\lib\net45\System.Web.WebPages.dll" />
      <DeploymentItem filename="D:\svn\Source\WebCommerce\packages\Microsoft.AspNet.WebApi.Client.5.2.3\lib\net45\System.Net.Http.Formatting.dll" />
      <DeploymentItem filename="D:\svn\Source\WebCommerce\packages\EntityFramework.6.1.3\lib\net45\EntityFramework.SqlServer.dll" />
      <DeploymentItem filename="D:\svn\Source\WebCommerce\packages\Microsoft.AspNet.Identity.EntityFramework.2.2.1\lib\net45\Microsoft.AspNet.Identity.EntityFramework.dll" />
      <DeploymentItem filename="D:\svn\Source\WebCommerce\packages\Autofac.Mvc5.4.0.2\lib\net45\Autofac.Integration.Mvc.dll" />
      <DeploymentItem filename="D:\svn\Source\WebCommerce\packages\Microsoft.AspNet.Mvc.5.2.3\lib\net45\System.Web.Mvc.dll" />
      <DeploymentItem filename="D:\svn\Source\WebCommerce\packages\Newtonsoft.Json.6.0.8\lib\net45\Newtonsoft.Json.dll" />
      <DeploymentItem filename="D:\svn\Source\WebCommerce\DCContext\bin\Debug\DCContext.dll" />
      <DeploymentItem filename="D:\svn\Source\WebCommerce\packages\Microsoft.Web.Infrastructure.1.0.0.0\lib\net40\Microsoft.Web.Infrastructure.dll" />
      <DeploymentItem filename="D:\svn\Source\WebCommerce\Service\bin\Debug\Service.dll" />
      <DeploymentItem filename="D:\svn\Source\WebCommerce\Repository\bin\Debug\Repository.dll" />
      <DeploymentItem filename="D:\svn\Source\WebCommerce\Model\bin\Debug\Model.dll" />
      <DeploymentItem filename="D:\svn\Source\WebCommerce\packages\Microsoft.AspNet.WebPages.3.2.3\lib\net45\System.Web.WebPages.Razor.dll" />
      <DeploymentItem filename="D:\svn\Source\WebCommerce\WebCommerce\bin\WebCommerce.dll" />
      <DeploymentItem filename="D:\svn\Source\WebCommerce\packages\Autofac.4.5.0\lib\net45\Autofac.dll" />
      <DeploymentItem filename="D:\svn\Source\WebCommerce\packages\Microsoft.AspNet.WebPages.3.2.3\lib\net45\System.Web.WebPages.Deployment.dll" />
      <DeploymentItem filename="D:\svn\Source\WebCommerce\packages\Autofac.WebApi2.4.0.1\lib\net45\Autofac.Integration.WebApi.dll" />
      <DeploymentItem filename="D:\svn\Source\WebCommerce\packages\Microsoft.AspNet.Identity.Core.2.2.1\lib\net45\Microsoft.AspNet.Identity.Core.dll" />
      <DeploymentItem filename="D:\svn\Source\WebCommerce\packages\Microsoft.AspNet.WebPages.3.2.3\lib\net45\System.Web.Helpers.dll" />
    </Deployment>
    <Execution>
      <TestTypeSpecific>
        <WebTestRunConfiguration testTypeId="4e7599fa-5ecb-43e9-a887-cd63cf72d207" iterationCount="10">
          <Browser name="Internet Explorer 9.0" MaxConnections="6">
            <Headers>
              <Header name="User-Agent" value="Mozilla/5.0 (compatible; MSIE 9.0; Windows NT 6.1; Trident/5.0)" />
              <Header name="Accept" value="*/*" />
              <Header name="Accept-Language" value="{{$IEAcceptLanguage}}" />
              <Header name="Accept-Encoding" value="GZIP" />
            </Headers>
          </Browser>
        </WebTestRunConfiguration>
      </TestTypeSpecific>
      <AgentRule name="Execution Agents">
      </AgentRule>
    </Execution>
    <Properties />
  </TestSettings>
  <Times creation="2017-04-15T13:24:26.5470124+07:00" queuing="2017-04-15T13:24:26.9006921+07:00" start="2017-04-15T13:24:26.9475690+07:00" finish="2017-04-15T13:24:38.5445244+07:00" />
  <ResultSummary outcome="Completed">
    <Counters total="1" executed="1" passed="1" error="0" failed="0" timeout="0" aborted="0" inconclusive="0" passedButRunAborted="0" notRunnable="0" notExecuted="0" disconnected="0" warning="0" completed="0" inProgress="0" pending="0" />
  </ResultSummary>
  <TestDefinitions>
    <CodedWebTest name="WebTest1Coded" storage="d:\svn\source\webcommerce\webcommerce.tests\bin\debug\webcommerce.tests.dll" id="f37f1505-e67e-5ab2-b1fd-6e6d738193fe">
      <Execution id="5a4e91bb-f714-4a60-bb47-4c0aa29acb1e" />
      <WebTestClass assembly="WebCommerce.Tests, Version=1.0.0.0, Culture=neutral, PublicKeyToken=null" namespace="WebCommerce.Tests" class="WebTest1Coded" />
    </CodedWebTest>
  </TestDefinitions>
  <TestLists>
    <TestList name="Results Not in a List" id="8c84fa94-04c1-424b-9868-57a2d4851a1d" />
    <TestList name="All Loaded Results" id="19431567-8539-422a-85d7-44ee4e166bda" />
  </TestLists>
  <TestEntries>
    <TestEntry isTransparent="false" testId="f37f1505-e67e-5ab2-b1fd-6e6d738193fe" executionId="5a4e91bb-f714-4a60-bb47-4c0aa29acb1e" testListId="8c84fa94-04c1-424b-9868-57a2d4851a1d" />
  </TestEntries>
  <Results>
    <WebTestResult executionId="5a4e91bb-f714-4a60-bb47-4c0aa29acb1e" testId="f37f1505-e67e-5ab2-b1fd-6e6d738193fe" testName="WebTest1Coded" computerName="DESKTOP-DJB2MI1" duration="00:00:00.7908598" startTime="2017-04-15T13:24:27.0009570+07:00" endTime="2017-04-15T13:24:38.5068934+07:00" testType="37e36796-fb51-4610-8d5c-e00ceaa68b9f" outcome="Passed" testListId="8c84fa94-04c1-424b-9868-57a2d4851a1d" relativeResultsDirectory="5a4e91bb-f714-4a60-bb47-4c0aa29acb1e">
      <ResultFiles>
        <ResultFile path="WebTest1Coded.webtestResult" />
      </ResultFiles>
      <TestSettings name="Default Test Settings" id="32a61e84-3b77-465d-a508-89e8f55aae59">
        <Deployment runDeploymentRoot="hung_DESKTOP-DJB2MI1 2017-04-15 13_24_26">
          <DeploymentItem filename="D:\svn\Source\WebCommerce\packages\EntityFramework.6.1.3\lib\net45\EntityFramework.dll" />
          <DeploymentItem filename="D:\svn\Source\WebCommerce\packages\Microsoft.AspNet.WebApi.Core.5.2.3\lib\net45\System.Web.Http.dll" />
          <DeploymentItem filename="D:\svn\Source\WebCommerce\packages\Microsoft.AspNet.Razor.3.2.3\lib\net45\System.Web.Razor.dll" />
          <DeploymentItem filename="D:\svn\Source\WebCommerce\packages\Microsoft.AspNet.WebPages.3.2.3\lib\net45\System.Web.WebPages.dll" />
          <DeploymentItem filename="D:\svn\Source\WebCommerce\packages\Microsoft.AspNet.WebApi.Client.5.2.3\lib\net45\System.Net.Http.Formatting.dll" />
          <DeploymentItem filename="D:\svn\Source\WebCommerce\packages\EntityFramework.6.1.3\lib\net45\EntityFramework.SqlServer.dll" />
          <DeploymentItem filename="D:\svn\Source\WebCommerce\packages\Microsoft.AspNet.Identity.EntityFramework.2.2.1\lib\net45\Microsoft.AspNet.Identity.EntityFramework.dll" />
          <DeploymentItem filename="D:\svn\Source\WebCommerce\packages\Autofac.Mvc5.4.0.2\lib\net45\Autofac.Integration.Mvc.dll" />
          <DeploymentItem filename="D:\svn\Source\WebCommerce\packages\Microsoft.AspNet.Mvc.5.2.3\lib\net45\System.Web.Mvc.dll" />
          <DeploymentItem filename="D:\svn\Source\WebCommerce\packages\Newtonsoft.Json.6.0.8\lib\net45\Newtonsoft.Json.dll" />
          <DeploymentItem filename="D:\svn\Source\WebCommerce\DCContext\bin\Debug\DCContext.dll" />
          <DeploymentItem filename="D:\svn\Source\WebCommerce\packages\Microsoft.Web.Infrastructure.1.0.0.0\lib\net40\Microsoft.Web.Infrastructure.dll" />
          <DeploymentItem filename="D:\svn\Source\WebCommerce\Service\bin\Debug\Service.dll" />
          <DeploymentItem filename="D:\svn\Source\WebCommerce\Repository\bin\Debug\Repository.dll" />
          <DeploymentItem filename="D:\svn\Source\WebCommerce\Model\bin\Debug\Model.dll" />
          <DeploymentItem filename="D:\svn\Source\WebCommerce\packages\Microsoft.AspNet.WebPages.3.2.3\lib\net45\System.Web.WebPages.Razor.dll" />
          <DeploymentItem filename="D:\svn\Source\WebCommerce\WebCommerce\bin\WebCommerce.dll" />
          <DeploymentItem filename="D:\svn\Source\WebCommerce\packages\Autofac.4.5.0\lib\net45\Autofac.dll" />
          <DeploymentItem filename="D:\svn\Source\WebCommerce\packages\Microsoft.AspNet.WebPages.3.2.3\lib\net45\System.Web.WebPages.Deployment.dll" />
          <DeploymentItem filename="D:\svn\Source\WebCommerce\packages\Autofac.WebApi2.4.0.1\lib\net45\Autofac.Integration.WebApi.dll" />
          <DeploymentItem filename="D:\svn\Source\WebCommerce\packages\Microsoft.AspNet.Identity.Core.2.2.1\lib\net45\Microsoft.AspNet.Identity.Core.dll" />
          <DeploymentItem filename="D:\svn\Source\WebCommerce\packages\Microsoft.AspNet.WebPages.3.2.3\lib\net45\System.Web.Helpers.dll" />
        </Deployment>
        <Execution>
          <TestTypeSpecific>
            <WebTestRunConfiguration testTypeId="4e7599fa-5ecb-43e9-a887-cd63cf72d207" iterationCount="10">
              <Browser name="Internet Explorer 9.0" MaxConnections="6">
                <Headers>
                  <Header name="User-Agent" value="Mozilla/5.0 (compatible; MSIE 9.0; Windows NT 6.1; Trident/5.0)" />
                  <Header name="Accept" value="*/*" />
                  <Header name="Accept-Language" value="{{$IEAcceptLanguage}}" />
                  <Header name="Accept-Encoding" value="GZIP" />
                </Headers>
              </Browser>
            </WebTestRunConfiguration>
          </TestTypeSpecific>
          <AgentRule name="Execution Agents">
          </AgentRule>
        </Execution>
        <Properties />
      </TestSettings>
      <WebTestResultFilePath>hung_DESKTOP-DJB2MI1 2017-04-15 13_24_26\In\5a4e91bb-f714-4a60-bb47-4c0aa29acb1e\WebTest1Coded.webtestResult</WebTestResultFilePath>
    </WebTestResult>
  </Results>
</TestRun>