<?xml version="1.0" encoding="UTF-8"?>
<TestRun id="490d4abc-4da5-4732-9252-477ee1dc4133" name="hung@DESKTOP-DJB2MI1 2017-04-15 13:19:39" runUser="DESKTOP-DJB2MI1\hung" xmlns="http://microsoft.com/schemas/VisualStudio/TeamTest/2010">
  <TestSettings name="Default Test Settings" id="c0d45b8f-5939-4a59-b008-6b53efcd28eb">
    <Deployment runDeploymentRoot="hung_DESKTOP-DJB2MI1 2017-04-15 13_19_39">
      <DeploymentItem filename="D:\svn\Source\WebCommerce\packages\EntityFramework.6.1.3\lib\net45\EntityFramework.dll" />
      <DeploymentItem filename="D:\svn\Source\WebCommerce\packages\Microsoft.AspNet.WebApi.Core.5.2.3\lib\net45\System.Web.Http.dll" />
      <DeploymentItem filename="D:\svn\Source\WebCommerce\packages\Microsoft.AspNet.WebPages.3.2.3\lib\net45\System.Web.WebPages.dll" />
      <DeploymentItem filename="D:\svn\Source\WebCommerce\packages\Microsoft.AspNet.WebApi.Client.5.2.3\lib\net45\System.Net.Http.Formatting.dll" />
      <DeploymentItem filename="D:\svn\Source\WebCommerce\packages\EntityFramework.6.1.3\lib\net45\EntityFramework.SqlServer.dll" />
      <DeploymentItem filename="D:\svn\Source\WebCommerce\packages\Microsoft.AspNet.Identity.EntityFramework.2.2.1\lib\net45\Microsoft.AspNet.Identity.EntityFramework.dll" />
      <DeploymentItem filename="D:\svn\Source\WebCommerce\packages\Autofac.Mvc5.4.0.2\lib\net45\Autofac.Integration.Mvc.dll" />
      <DeploymentItem filename="D:\svn\Source\WebCommerce\packages\Newtonsoft.Json.6.0.8\lib\net45\Newtonsoft.Json.dll" />
      <DeploymentItem filename="D:\svn\Source\WebCommerce\packages\Autofac.WebApi2.4.0.1\lib\net45\Autofac.Integration.WebApi.dll" />
      <DeploymentItem filename="D:\svn\Source\WebCommerce\DCContext\bin\Debug\DCContext.dll" />
      <DeploymentItem filename="D:\svn\Source\WebCommerce\packages\Microsoft.Web.Infrastructure.1.0.0.0\lib\net40\Microsoft.Web.Infrastructure.dll" />
      <DeploymentItem filename="D:\svn\Source\WebCommerce\Service\bin\Debug\Service.dll" />
      <DeploymentItem filename="D:\svn\Source\WebCommerce\Model\bin\Debug\Model.dll" />
      <DeploymentItem filename="D:\svn\Source\WebCommerce\packages\Microsoft.AspNet.Razor.3.2.3\lib\net45\System.Web.Razor.dll" />
      <DeploymentItem filename="D:\svn\Source\WebCommerce\packages\Microsoft.AspNet.WebPages.3.2.3\lib\net45\System.Web.WebPages.Razor.dll" />
      <DeploymentItem filename="D:\svn\Source\WebCommerce\Repository\bin\Debug\Repository.dll" />
      <DeploymentItem filename="D:\svn\Source\WebCommerce\WebCommerce\bin\WebCommerce.dll" />
      <DeploymentItem filename="D:\svn\Source\WebCommerce\packages\Autofac.4.5.0\lib\net45\Autofac.dll" />
      <DeploymentItem filename="D:\svn\Source\WebCommerce\packages\Microsoft.AspNet.WebPages.3.2.3\lib\net45\System.Web.WebPages.Deployment.dll" />
      <DeploymentItem filename="D:\svn\Source\WebCommerce\packages\Microsoft.AspNet.Mvc.5.2.3\lib\net45\System.Web.Mvc.dll" />
      <DeploymentItem filename="D:\svn\Source\WebCommerce\packages\Microsoft.AspNet.Identity.Core.2.2.1\lib\net45\Microsoft.AspNet.Identity.Core.dll" />
      <DeploymentItem filename="D:\svn\Source\WebCommerce\packages\Microsoft.AspNet.WebPages.3.2.3\lib\net45\System.Web.Helpers.dll" />
    </Deployment>
    <Execution>
      <TestTypeSpecific />
      <AgentRule name="Execution Agents">
      </AgentRule>
    </Execution>
    <Properties />
  </TestSettings>
  <Times creation="2017-04-15T13:19:39.7102845+07:00" queuing="2017-04-15T13:19:40.6495831+07:00" start="2017-04-15T13:19:40.7029651+07:00" finish="2017-04-15T13:20:13.9704966+07:00" />
  <ResultSummary outcome="Error">
    <Counters total="1" executed="1" error="1" failed="0" timeout="0" aborted="0" inconclusive="0" passedButRunAborted="0" notRunnable="0" notExecuted="0" disconnected="0" warning="0" passed="0" completed="0" inProgress="0" pending="0" />
    <RunInfos>
      <RunInfo computerName="DESKTOP-DJB2MI1" outcome="Warning" timestamp="2017-04-15T13:19:40.6495831+07:00">
        <Text>Warning: Test Run deployment issue: The assembly or module 'WebGrease' directly or indirectly referenced by the test container 'd:\svn\source\webcommerce\webcommerce.tests\bin\debug\webcommerce.tests.dll' was not found.</Text>
      </RunInfo>
    </RunInfos>
  </ResultSummary>
  <TestDefinitions>
    <CodedWebTest name="WebTest1Coded" storage="d:\svn\source\webcommerce\webcommerce.tests\bin\debug\webcommerce.tests.dll" id="f37f1505-e67e-5ab2-b1fd-6e6d738193fe">
      <Execution id="f7e5e3cb-6a6a-4693-b7d9-22b4c991e836" />
      <WebTestClass assembly="WebCommerce.Tests, Version=1.0.0.0, Culture=neutral, PublicKeyToken=null" namespace="WebCommerce.Tests" class="WebTest1Coded" />
    </CodedWebTest>
  </TestDefinitions>
  <TestLists>
    <TestList name="Results Not in a List" id="8c84fa94-04c1-424b-9868-57a2d4851a1d" />
    <TestList name="All Loaded Results" id="19431567-8539-422a-85d7-44ee4e166bda" />
  </TestLists>
  <TestEntries>
    <TestEntry isTransparent="false" testId="f37f1505-e67e-5ab2-b1fd-6e6d738193fe" executionId="f7e5e3cb-6a6a-4693-b7d9-22b4c991e836" testListId="8c84fa94-04c1-424b-9868-57a2d4851a1d" />
  </TestEntries>
  <Results>
    <WebTestResult executionId="f7e5e3cb-6a6a-4693-b7d9-22b4c991e836" testId="f37f1505-e67e-5ab2-b1fd-6e6d738193fe" testName="WebTest1Coded" computerName="DESKTOP-DJB2MI1" startTime="2017-04-15T13:19:40.8184957+07:00" endTime="2017-04-15T13:20:13.9019075+07:00" testType="37e36796-fb51-4610-8d5c-e00ceaa68b9f" testListId="8c84fa94-04c1-424b-9868-57a2d4851a1d" relativeResultsDirectory="f7e5e3cb-6a6a-4693-b7d9-22b4c991e836">
      <Output>
        <Exception>Could not create instance of class 'WebTest1Coded' :System.Data.Entity.Core.ProviderIncompatibleException: An error occurred while getting provider information from the database. This can be caused by Entity Framework using an incorrect connection string. Check the inner exceptions for details and ensure that the connection string is correct. ---&gt; System.Data.Entity.Core.ProviderIncompatibleException: The provider did not return a ProviderManifestToken string. ---&gt; System.Data.SqlClient.SqlException: A network-related or instance-specific error occurred while establishing a connection to SQL Server. The server was not found or was not accessible. Verify that the instance name is correct and that SQL Server is configured to allow remote connections. (provider: SQL Network Interfaces, error: 26 - Error Locating Server/Instance Specified)
   at System.Data.SqlClient.SqlInternalConnectionTds..ctor(DbConnectionPoolIdentity identity, SqlConnectionString connectionOptions, SqlCredential credential, Object providerInfo, String newPassword, SecureString newSecurePassword, Boolean redirectedUserInstance, SqlConnectionString userConnectionOptions, SessionData reconnectSessionData, DbConnectionPool pool, String accessToken, Boolean applyTransientFaultHandling)
   at System.Data.SqlClient.SqlConnectionFactory.CreateConnection(DbConnectionOptions options, DbConnectionPoolKey poolKey, Object poolGroupProviderInfo, DbConnectionPool pool, DbConnection owningConnection, DbConnectionOptions userOptions)
   at System.Data.ProviderBase.DbConnectionFactory.CreatePooledConnection(DbConnectionPool pool, DbConnection owningObject, DbConnectionOptions options, DbConnectionPoolKey poolKey, DbConnectionOptions userOptions)
   at System.Data.ProviderBase.DbConnectionPool.CreateObject(DbConnection owningObject, DbConnectionOptions userOptions, DbConnectionInternal oldConnection)
   at System.Data.ProviderBase.DbConnectionPool.UserCreateRequest(DbConnection owningObject, DbConnectionOptions userOptions, DbConnectionInternal oldConnection)
   at System.Data.ProviderBase.DbConnectionPool.TryGetConnection(DbConnection owningObject, UInt32 waitForMultipleObjectsTimeout, Boolean allowCreate, Boolean onlyOneCheckConnection, DbConnectionOptions userOptions, DbConnectionInternal&amp; connection)
   at System.Data.ProviderBase.DbConnectionPool.TryGetConnection(DbConnection owningObject, TaskCompletionSource`1 retry, DbConnectionOptions userOptions, DbConnectionInternal&amp; connection)
   at System.Data.ProviderBase.DbConnectionFactory.TryGetConnection(DbConnection owningConnection, TaskCompletionSource`1 retry, DbConnectionOptions userOptions, DbConnectionInternal oldConnection, DbConnectionInternal&amp; connection)
   at System.Data.ProviderBase.DbConnectionInternal.TryOpenConnectionInternal(DbConnection outerConnection, DbConnectionFactory connectionFactory, TaskCompletionSource`1 retry, DbConnectionOptions userOptions)
   at System.Data.ProviderBase.DbConnectionClosed.TryOpenConnection(DbConnection outerConnection, DbConnectionFactory connectionFactory, TaskCompletionSource`1 retry, DbConnectionOptions userOptions)
   at System.Data.SqlClient.SqlConnection.TryOpenInner(TaskCompletionSource`1 retry)
   at System.Data.SqlClient.SqlConnection.TryOpen(TaskCompletionSource`1 retry)
   at System.Data.SqlClient.SqlConnection.Open()
   at System.Data.Entity.SqlServer.SqlProviderServices.&lt;&gt;c__DisplayClass2f.&lt;UsingConnection&gt;b__2d()
   at System.Data.Entity.SqlServer.DefaultSqlExecutionStrategy.&lt;&gt;c__DisplayClass1.&lt;Execute&gt;b__0()
   at System.Data.Entity.SqlServer.DefaultSqlExecutionStrategy.Execute[TResult](Func`1 operation)
   at System.Data.Entity.SqlServer.DefaultSqlExecutionStrategy.Execute(Action operation)
   at System.Data.Entity.SqlServer.SqlProviderServices.UsingConnection(DbConnection sqlConnection, Action`1 act)
   at System.Data.Entity.SqlServer.SqlProviderServices.UsingMasterConnection(DbConnection sqlConnection, Action`1 act)
   at System.Data.Entity.SqlServer.SqlProviderServices.GetDbProviderManifestToken(DbConnection connection)
   at System.Data.Entity.Core.Common.DbProviderServices.GetProviderManifestToken(DbConnection connection)
   --- End of inner exception stack trace ---
   at System.Data.Entity.Core.Common.DbProviderServices.GetProviderManifestToken(DbConnection connection)
   at System.Data.Entity.Utilities.DbProviderServicesExtensions.GetProviderManifestTokenChecked(DbProviderServices providerServices, DbConnection connection)
   --- End of inner exception stack trace ---
   at System.Data.Entity.Utilities.DbProviderServicesExtensions.GetProviderManifestTokenChecked(DbProviderServices providerServices, DbConnection connection)
   at System.Data.Entity.Infrastructure.DefaultManifestTokenResolver.&lt;&gt;c__DisplayClass1.&lt;ResolveManifestToken&gt;b__0(Tuple`3 k)
   at System.Collections.Concurrent.ConcurrentDictionary`2.GetOrAdd(TKey key, Func`2 valueFactory)
   at System.Data.Entity.Infrastructure.DefaultManifestTokenResolver.ResolveManifestToken(DbConnection connection)
   at System.Data.Entity.Utilities.DbConnectionExtensions.GetProviderInfo(DbConnection connection, DbProviderManifest&amp; providerManifest)
   at System.Data.Entity.DbModelBuilder.Build(DbConnection providerConnection)
   at System.Data.Entity.Internal.LazyInternalContext.CreateModel(LazyInternalContext internalContext)
   at System.Data.Entity.Internal.RetryLazy`2.GetValue(TInput input)
   at System.Data.Entity.Internal.LazyInternalContext.InitializeContext()
   at System.Data.Entity.Internal.InternalContext.GetEntitySetAndBaseTypeForType(Type entityType)
   at System.Data.Entity.Internal.Linq.InternalSet`1.Initialize()
   at System.Data.Entity.Internal.Linq.InternalSet`1.GetEnumerator()
   at System.Data.Entity.Infrastructure.DbQuery`1.System.Collections.Generic.IEnumerable&lt;TResult&gt;.GetEnumerator()
   at System.Collections.Generic.List`1..ctor(IEnumerable`1 collection)
   at System.Linq.Enumerable.ToList[TSource](IEnumerable`1 source)
   at WebCommerce.Controllers.PhanSoController.Index() in d:\svn\Source\WebCommerce\WebCommerce\Controllers\PhanSoController.cs:line 21
   at WebCommerce.Tests.WebTest1Coded..ctor() in d:\svn\Source\WebCommerce\WebCommerce.Tests\WebTest1Coded.cs:line 38</Exception>
        <ErrorInfo>
          <Message>Could not run Web test 'WebTest1Coded' on agent 'DESKTOP-DJB2MI1': Could not create instance of class 'WebTest1Coded' :System.Data.Entity.Core.ProviderIncompatibleException: An error occurred while getting provider information from the database. This can be caused by Entity Framework using an incorrect connection string. Check the inner exceptions for details and ensure that the connection string is correct. ---&gt; System.Data.Entity.Core.ProviderIncompatibleException: The provider did not return a ProviderManifestToken string. ---&gt; System.Data.SqlClient.SqlException: A network-related or instance-specific error occurred while establishing a connection to SQL Server. The server was not found or was not accessible. Verify that the instance name is correct and that SQL Server is configured to allow remote connections. (provider: SQL Network Interfaces, error: 26 - Error Locating Server/Instance Specified)
   at System.Data.SqlClient.SqlInternalConnectionTds..ctor(DbConnectionPoolIdentity identity, SqlConnectionString connectionOptions, SqlCredential credential, Object providerInfo, String newPassword, SecureString newSecurePassword, Boolean redirectedUserInstance, SqlConnectionString userConnectionOptions, SessionData reconnectSessionData, DbConnectionPool pool, String accessToken, Boolean applyTransientFaultHandling)
   at System.Data.SqlClient.SqlConnectionFactory.CreateConnection(DbConnectionOptions options, DbConnectionPoolKey poolKey, Object poolGroupProviderInfo, DbConnectionPool pool, DbConnection owningConnection, DbConnectionOptions userOptions)
   at System.Data.ProviderBase.DbConnectionFactory.CreatePooledConnection(DbConnectionPool pool, DbConnection owningObject, DbConnectionOptions options, DbConnectionPoolKey poolKey, DbConnectionOptions userOptions)
   at System.Data.ProviderBase.DbConnectionPool.CreateObject(DbConnection owningObject, DbConnectionOptions userOptions, DbConnectionInternal oldConnection)
   at System.Data.ProviderBase.DbConnectionPool.UserCreateRequest(DbConnection owningObject, DbConnectionOptions userOptions, DbConnectionInternal oldConnection)
   at System.Data.ProviderBase.DbConnectionPool.TryGetConnection(DbConnection owningObject, UInt32 waitForMultipleObjectsTimeout, Boolean allowCreate, Boolean onlyOneCheckConnection, DbConnectionOptions userOptions, DbConnectionInternal&amp; connection)
   at System.Data.ProviderBase.DbConnectionPool.TryGetConnection(DbConnection owningObject, TaskCompletionSource`1 retry, DbConnectionOptions userOptions, DbConnectionInternal&amp; connection)
   at System.Data.ProviderBase.DbConnectionFactory.TryGetConnection(DbConnection owningConnection, TaskCompletionSource`1 retry, DbConnectionOptions userOptions, DbConnectionInternal oldConnection, DbConnectionInternal&amp; connection)
   at System.Data.ProviderBase.DbConnectionInternal.TryOpenConnectionInternal(DbConnection outerConnection, DbConnectionFactory connectionFactory, TaskCompletionSource`1 retry, DbConnectionOptions userOptions)
   at System.Data.ProviderBase.DbConnectionClosed.TryOpenConnection(DbConnection outerConnection, DbConnectionFactory connectionFactory, TaskCompletionSource`1 retry, DbConnectionOptions userOptions)
   at System.Data.SqlClient.SqlConnection.TryOpenInner(TaskCompletionSource`1 retry)
   at System.Data.SqlClient.SqlConnection.TryOpen(TaskCompletionSource`1 retry)
   at System.Data.SqlClient.SqlConnection.Open()
   at System.Data.Entity.SqlServer.SqlProviderServices.&lt;&gt;c__DisplayClass2f.&lt;UsingConnection&gt;b__2d()
   at System.Data.Entity.SqlServer.DefaultSqlExecutionStrategy.&lt;&gt;c__DisplayClass1.&lt;Execute&gt;b__0()
   at System.Data.Entity.SqlServer.DefaultSqlExecutionStrategy.Execute[TResult](Func`1 operation)
   at System.Data.Entity.SqlServer.DefaultSqlExecutionStrategy.Execute(Action operation)
   at System.Data.Entity.SqlServer.SqlProviderServices.UsingConnection(DbConnection sqlConnection, Action`1 act)
   at System.Data.Entity.SqlServer.SqlProviderServices.UsingMasterConnection(DbConnection sqlConnection, Action`1 act)
   at System.Data.Entity.SqlServer.SqlProviderServices.GetDbProviderManifestToken(DbConnection connection)
   at System.Data.Entity.Core.Common.DbProviderServices.GetProviderManifestToken(DbConnection connection)
   --- End of inner exception stack trace ---
   at System.Data.Entity.Core.Common.DbProviderServices.GetProviderManifestToken(DbConnection connection)
   at System.Data.Entity.Utilities.DbProviderServicesExtensions.GetProviderManifestTokenChecked(DbProviderServices providerServices, DbConnection connection)
   --- End of inner exception stack trace ---
   at System.Data.Entity.Utilities.DbProviderServicesExtensions.GetProviderManifestTokenChecked(DbProviderServices providerServices, DbConnection connection)
   at System.Data.Entity.Infrastructure.DefaultManifestTokenResolver.&lt;&gt;c__DisplayClass1.&lt;ResolveManifestToken&gt;b__0(Tuple`3 k)
   at System.Collections.Concurrent.ConcurrentDictionary`2.GetOrAdd(TKey key, Func`2 valueFactory)
   at System.Data.Entity.Infrastructure.DefaultManifestTokenResolver.ResolveManifestToken(DbConnection connection)
   at System.Data.Entity.Utilities.DbConnectionExtensions.GetProviderInfo(DbConnection connection, DbProviderManifest&amp; providerManifest)
   at System.Data.Entity.DbModelBuilder.Build(DbConnection providerConnection)
   at System.Data.Entity.Internal.LazyInternalContext.CreateModel(LazyInternalContext internalContext)
   at System.Data.Entity.Internal.RetryLazy`2.GetValue(TInput input)
   at System.Data.Entity.Internal.LazyInternalContext.InitializeContext()
   at System.Data.Entity.Internal.InternalContext.GetEntitySetAndBaseTypeForType(Type entityType)
   at System.Data.Entity.Internal.Linq.InternalSet`1.Initialize()
   at System.Data.Entity.Internal.Linq.InternalSet`1.GetEnumerator()
   at System.Data.Entity.Infrastructure.DbQuery`1.System.Collections.Generic.IEnumerable&lt;TResult&gt;.GetEnumerator()
   at System.Collections.Generic.List`1..ctor(IEnumerable`1 collection)
   at System.Linq.Enumerable.ToList[TSource](IEnumerable`1 source)
   at WebCommerce.Controllers.PhanSoController.Index() in d:\svn\Source\WebCommerce\WebCommerce\Controllers\PhanSoController.cs:line 21
   at WebCommerce.Tests.WebTest1Coded..ctor() in d:\svn\Source\WebCommerce\WebCommerce.Tests\WebTest1Coded.cs:line 38</Message>
        </ErrorInfo>
      </Output>
      <ResultFiles>
        <ResultFile path="WebTest1Coded.webtestResult" />
      </ResultFiles>
      <TestSettings name="Default Test Settings" id="c0d45b8f-5939-4a59-b008-6b53efcd28eb">
        <Deployment runDeploymentRoot="hung_DESKTOP-DJB2MI1 2017-04-15 13_19_39">
          <DeploymentItem filename="D:\svn\Source\WebCommerce\packages\EntityFramework.6.1.3\lib\net45\EntityFramework.dll" />
          <DeploymentItem filename="D:\svn\Source\WebCommerce\packages\Microsoft.AspNet.WebApi.Core.5.2.3\lib\net45\System.Web.Http.dll" />
          <DeploymentItem filename="D:\svn\Source\WebCommerce\packages\Microsoft.AspNet.WebPages.3.2.3\lib\net45\System.Web.WebPages.dll" />
          <DeploymentItem filename="D:\svn\Source\WebCommerce\packages\Microsoft.AspNet.WebApi.Client.5.2.3\lib\net45\System.Net.Http.Formatting.dll" />
          <DeploymentItem filename="D:\svn\Source\WebCommerce\packages\EntityFramework.6.1.3\lib\net45\EntityFramework.SqlServer.dll" />
          <DeploymentItem filename="D:\svn\Source\WebCommerce\packages\Microsoft.AspNet.Identity.EntityFramework.2.2.1\lib\net45\Microsoft.AspNet.Identity.EntityFramework.dll" />
          <DeploymentItem filename="D:\svn\Source\WebCommerce\packages\Autofac.Mvc5.4.0.2\lib\net45\Autofac.Integration.Mvc.dll" />
          <DeploymentItem filename="D:\svn\Source\WebCommerce\packages\Newtonsoft.Json.6.0.8\lib\net45\Newtonsoft.Json.dll" />
          <DeploymentItem filename="D:\svn\Source\WebCommerce\packages\Autofac.WebApi2.4.0.1\lib\net45\Autofac.Integration.WebApi.dll" />
          <DeploymentItem filename="D:\svn\Source\WebCommerce\DCContext\bin\Debug\DCContext.dll" />
          <DeploymentItem filename="D:\svn\Source\WebCommerce\packages\Microsoft.Web.Infrastructure.1.0.0.0\lib\net40\Microsoft.Web.Infrastructure.dll" />
          <DeploymentItem filename="D:\svn\Source\WebCommerce\Service\bin\Debug\Service.dll" />
          <DeploymentItem filename="D:\svn\Source\WebCommerce\Model\bin\Debug\Model.dll" />
          <DeploymentItem filename="D:\svn\Source\WebCommerce\Repository\bin\Debug\Repository.dll" />
          <DeploymentItem filename="D:\svn\Source\WebCommerce\packages\Microsoft.AspNet.Razor.3.2.3\lib\net45\System.Web.Razor.dll" />
          <DeploymentItem filename="D:\svn\Source\WebCommerce\packages\Microsoft.AspNet.WebPages.3.2.3\lib\net45\System.Web.WebPages.Razor.dll" />
          <DeploymentItem filename="D:\svn\Source\WebCommerce\WebCommerce\bin\WebCommerce.dll" />
          <DeploymentItem filename="D:\svn\Source\WebCommerce\packages\Autofac.4.5.0\lib\net45\Autofac.dll" />
          <DeploymentItem filename="D:\svn\Source\WebCommerce\packages\Microsoft.AspNet.WebPages.3.2.3\lib\net45\System.Web.WebPages.Deployment.dll" />
          <DeploymentItem filename="D:\svn\Source\WebCommerce\packages\Microsoft.AspNet.Mvc.5.2.3\lib\net45\System.Web.Mvc.dll" />
          <DeploymentItem filename="D:\svn\Source\WebCommerce\packages\Microsoft.AspNet.Identity.Core.2.2.1\lib\net45\Microsoft.AspNet.Identity.Core.dll" />
          <DeploymentItem filename="D:\svn\Source\WebCommerce\packages\Microsoft.AspNet.WebPages.3.2.3\lib\net45\System.Web.Helpers.dll" />
        </Deployment>
        <Execution>
          <TestTypeSpecific>
            <WebTestRunConfiguration testTypeId="4e7599fa-5ecb-43e9-a887-cd63cf72d207">
              <Browser name="Internet Explorer 9.0" MaxConnections="6">
                <Headers>
                  <Header name="User-Agent" value="Mozilla/5.0 (compatible; MSIE 9.0; Windows NT 6.1; Trident/5.0)" />
                  <Header name="Accept" value="*/*" />
                  <Header name="Accept-Language" value="{{$IEAcceptLanguage}}" />
                  <Header name="Accept-Encoding" value="GZIP" />
                </Headers>
              </Browser>
            </WebTestRunConfiguration>
          </TestTypeSpecific>
          <AgentRule name="Execution Agents">
          </AgentRule>
        </Execution>
        <Properties />
      </TestSettings>
      <WebTestResultFilePath>hung_DESKTOP-DJB2MI1 2017-04-15 13_19_39\In\f7e5e3cb-6a6a-4693-b7d9-22b4c991e836\WebTest1Coded.webtestResult</WebTestResultFilePath>
    </WebTestResult>
  </Results>
</TestRun>